<?xml version="1.0" encoding="UTF-8"?>
<!-- Generated by org.testng.reporters.JUnitReportReporter -->
<testsuite skipped="0" hostname="DESKTOP-96ITD99" name="com.usa.myrunner.MyRunner" tests="2" failures="0" timestamp="22 Mar 2020 19:38:15 GMT" time="42.916" errors="0">
  <testcase name="feature" time="28.005" classname="com.usa.myrunner.MyRunner"/>
  <testcase name="feature" time="14.911" classname="com.usa.myrunner.MyRunner"/>
</testsuite> <!-- com.usa.myrunner.MyRunner -->
